Microsoft HTML Help Compiler 4.74.8702

Compiling c:\Documents and Settings\capacitacion\Mis documentos\Visual Studio 2010\Projects\PronosticosSAP\HelpPronosticos\PronosticosSap_Kal.chm

PasosImplementacion.html
Importacion_Archivos.html
Layout_pronosticos.html
Layout_Agentes_Clientes.html
Layout_plan.html
PronosticoDetalle.html
BuscarPronosticos.html
PronosticoMaestro.html
Envios.html
SincronizarProductos.html
ClientesAgentes.html
SincronizarClientes.html
AddDistribuidor.htm
Images\BannerSigepro.png
Images\disk.png
Images\buscar.png
Images\door_out.png
Images\folder.png
Images\ClienteAgente.png
Images\ProductoCteVigencia.png
Images\arrow_switch.png
theme.css

Compile time: 0 minutes, 0 seconds
13	Topics
38	Local links
0	Internet links
8	Graphics


Created c:\Documents and Settings\capacitacion\Mis documentos\Visual Studio 2010\Projects\PronosticosSAP\HelpPronosticos\PronosticosSap_Kal.chm, 331,852 bytes
Compression decreased file by 17,892 bytes.
