Microsoft HTML Help Compiler 4.74.8702

Compiling c:\Documents and Settings\capacitacion\Mis documentos\Visual Studio 2010\Projects\PronosticosSAP\HelpPronosticos\PronosticosSap.chm

HHC5013: Error: URL reference in the TOC cannot be resolved: "Layout%20Agentes%20y%20Clientes.html".


The following files were not compiled:
Microsoft HTML Help Compiler 4.74.8702

Compiling c:\Documents and Settings\capacitacion\Mis documentos\Visual Studio 2010\Projects\PronosticosSAP\HelpPronosticos\PronosticosSap.chm


Compile time: 0 minutes, 0 seconds
4	Topics
8	Local links
0	Internet links
0	Graphics


Created c:\Documents and Settings\capacitacion\Mis documentos\Visual Studio 2010\Projects\PronosticosSAP\HelpPronosticos\PronosticosSap.chm, 12,092 bytes
Compression increased file by 5,636 bytes.
Microsoft HTML Help Compiler 4.74.8702

Compiling c:\Documents and Settings\capacitacion\Mis documentos\Visual Studio 2010\Projects\PronosticosSAP\HelpPronosticos\PronosticosSap.chm


Compile time: 0 minutes, 0 seconds
4	Topics
8	Local links
0	Internet links
0	Graphics


Created c:\Documents and Settings\capacitacion\Mis documentos\Visual Studio 2010\Projects\PronosticosSAP\HelpPronosticos\PronosticosSap.chm, 12,092 bytes
Compression increased file by 5,636 bytes.
